2014-08-23 10:03:44.593 input_example[31579:70b] Multi-tasking -> Device: YES, App: YES
2014-08-23 10:03:44.669 input_example[31579:70b] Unlimited access to network resources
2014-08-23 10:03:44.994 input_example[31579:70b] [CDVTimer][keyboard] 0.102997ms
2014-08-23 10:03:44.994 input_example[31579:70b] CDVPlugin class CDVStatusBar (pluginName: statusbar) does not exist.
2014-08-23 10:03:44.995 input_example[31579:70b] [CDVTimer][statusbar] 0.590026ms
2014-08-23 10:03:44.995 input_example[31579:70b] [CDVTimer][TotalPluginStartup] 1.860976ms
2014-08-23 10:03:45.227 input_example[31579:70b] Resetting plugins due to page load.
2014-08-23 10:03:45.635 input_example[31579:70b] Finished load of: file:///Users/IdoBN/Library/Application%20Support/iPhone%20Simulator/7.1/Applications/FC307AF4-D781-41B4-A995-CA51CC4BB733/input_example.app/www/index.html
2014-08-23 10:05:35.013 input_example[31786:70b] Multi-tasking -> Device: YES, App: YES
2014-08-23 10:05:35.020 input_example[31786:70b] Unlimited access to network resources
2014-08-23 10:05:35.039 input_example[31786:70b] [CDVTimer][keyboard] 0.074029ms
2014-08-23 10:05:35.039 input_example[31786:70b] CDVPlugin class CDVStatusBar (pluginName: statusbar) does not exist.
2014-08-23 10:05:35.040 input_example[31786:70b] [CDVTimer][statusbar] 0.464022ms
2014-08-23 10:05:35.040 input_example[31786:70b] [CDVTimer][TotalPluginStartup] 1.533031ms
2014-08-23 10:05:35.095 input_example[31786:70b] Resetting plugins due to page load.
2014-08-23 10:05:35.262 input_example[31786:70b] Finished load of: file:///Users/IdoBN/Library/Application%20Support/iPhone%20Simulator/7.1/Applications/FC307AF4-D781-41B4-A995-CA51CC4BB733/input_example.app/www/index.html
2014-08-23 10:06:03.063 input_example[31976:70b] Multi-tasking -> Device: YES, App: YES
2014-08-23 10:06:03.075 input_example[31976:70b] Unlimited access to network resources
2014-08-23 10:06:03.098 input_example[31976:70b] [CDVTimer][keyboard] 0.096023ms
2014-08-23 10:06:03.099 input_example[31976:70b] CDVPlugin class CDVStatusBar (pluginName: statusbar) does not exist.
2014-08-23 10:06:03.099 input_example[31976:70b] [CDVTimer][statusbar] 0.598967ms
2014-08-23 10:06:03.100 input_example[31976:70b] [CDVTimer][TotalPluginStartup] 1.887977ms
2014-08-23 10:06:03.253 input_example[31976:70b] Resetting plugins due to page load.
2014-08-23 10:06:03.623 input_example[31976:70b] Finished load of: file:///Users/IdoBN/Library/Application%20Support/iPhone%20Simulator/7.1/Applications/FC307AF4-D781-41B4-A995-CA51CC4BB733/input_example.app/www/index.html
2014-08-23 10:22:10.589 input_example[33331:70b] Multi-tasking -> Device: YES, App: YES
2014-08-23 10:22:10.620 input_example[33331:70b] Unlimited access to network resources
2014-08-23 10:22:10.854 input_example[33331:70b] [CDVTimer][keyboard] 0.115991ms
2014-08-23 10:22:10.855 input_example[33331:70b] CDVPlugin class CDVStatusBar (pluginName: statusbar) does not exist.
2014-08-23 10:22:10.855 input_example[33331:70b] [CDVTimer][statusbar] 0.575006ms
2014-08-23 10:22:10.856 input_example[33331:70b] [CDVTimer][TotalPluginStartup] 2.003014ms
2014-08-23 10:22:11.043 input_example[33331:70b] Resetting plugins due to page load.
2014-08-23 10:22:11.905 input_example[33331:70b] Finished load of: file:///Users/IdoBN/Library/Application%20Support/iPhone%20Simulator/7.1/Applications/FC307AF4-D781-41B4-A995-CA51CC4BB733/input_example.app/www/index.html
